4607
195 248 199 249
196 245 199 247
192 245 195 247
192 244 199 244
196 241 199 243
192 241 195 243
192 240 199 240
197 236 199 239
195 236 196 239
192 236 194 239
197 232 199 235
192 234 196 235
192 232 196 233
192 231 199 231
192 230 199 230
196 227 199 229
192 227 195 229
192 226 199 226
192 225 199 225
192 224 199 224
196 221 199 223
192 221 195 223
196 218 199 220
192 218 195 220
192 217 199 217
192 216 199 216
194 214 199 215
194 212 199 213
192 212 193 215
196 209 199 211
192 209 195 211
192 208 199 208
198 204 199 207
192 206 197 207
192 204 197 205
195 202 199 203
195 200 199 201
192 200 194 203
194 198 199 199
194 196 199 197
194 194 199 195
192 194 193 199
194 192 199 193
197 188 199 191
195 188 196 191
192 188 194 191
192 187 199 187
196 184 199 186
192 184 195 186
192 183 199 183
192 182 199 182
192 181 199 181
192 180 199 180
192 179 199 179
196 176 199 178
192 176 195 178
197 172 199 175
195 172 196 175
192 172 194 175
192 171 199 171
192 170 199 170
196 168 199 169
192 168 195 169
198 162 199 167
196 162 197 167
194 162 195 167
192 162 193 167
194 160 199 161
197 157 199 159
194 157 196 159
197 153 199 156
194 153 196 156
192 154 193 159
192 152 199 152
194 150 199 151
194 148 199 149
194 146 199 147
192 146 193 151
192 145 199 145
192 144 199 144
197 141 199 143
194 141 196 143
194 139 199 140
192 139 193 143
196 136 199 138
192 136 195 138
196 133 199 135
192 133 195 135
196 131 199 132
192 131 195 132
196 128 199 130
192 128 195 130
196 125 199 127
196 122 199 124
195 120 199 121
192 124 194 127
192 120 194 123
196 117 199 119
192 117 195 119
192 116 199 116
196 113 199 115
192 113 195 115
192 112 199 112
196 109 199 111
196 107 199 108
196 104 199 106
195 104 195 111
192 108 194 111
192 104 194 107
195 102 199 103
198 96 199 101
196 96 197 101
192 100 194 103
192 96 194 99
199 88 199 95
198 88 198 95
195 92 197 95
195 88 197 91
192 92 194 95
192 88 194 91
194 86 199 87
194 84 199 85
194 82 199 83
192 82 193 87
194 80 199 81
192 79 199 79
192 78 199 78
195 76 199 77
195 74 199 75
192 74 194 77
192 73 199 73
192 72 199 72
197 68 199 71
192 70 196 71
192 68 196 69
192 67 199 67
196 64 199 66
192 64 195 66
192 63 199 63
196 60 199 62
192 60 195 62
196 57 199 59
192 57 195 59
192 56 199 56
197 53 199 55
194 53 196 55
194 51 199 52
192 51 193 55
196 48 199 50
192 48 195 50
196 45 199 47
192 45 195 47
194 43 199 44
194 41 199 42
192 40 193 44
192 39 199 39
197 35 199 38
195 35 196 38
192 35 194 38
192 34 199 34
192 33 199 33
192 32 199 32
195 30 199 31
195 28 199 29
192 28 194 31
197 24 199 27
192 26 196 27
192 24 196 25
196 21 199 23
193 21 195 23
197 17 199 20
193 18 196 20
193 16 196 17
192 16 192 23
198 11 199 15
196 11 197 15
194 11 195 15
192 11 193 15
196 8 199 10
192 8 195 10
196 5 199 7
196 3 199 4
194 3 195 7
192 3 193 7
196 0 199 2
192 0 195 2
188 245 191 247
184 245 187 247
188 243 191 244
184 243 187 244
188 240 191 242
184 240 187 242
184 239 191 239
184 238 191 238
189 234 191 237
186 234 188 237
186 232 191 233
184 232 185 237
188 229 191 231
184 229 187 231
190 224 191 228
187 226 189 228
184 226 186 228
184 224 189 225
188 221 191 223
190 216 191 220
188 216 189 220
186 218 187 223
184 218 185 223
184 216 187 217
184 215 191 215
190 211 191 214
187 211 189 214
184 211 186 214
188 208 191 210
184 208 187 210
190 203 191 207
184 206 189 207
187 203 189 205
184 203 186 205
188 200 191 202
184 200 187 202
186 198 191 199
186 196 191 197
184 196 185 199
184 195 191 195
188 192 191 194
184 192 187 194
188 189 191 191
184 189 187 191
184 188 191 188
188 185 191 187
184 185 187 187
184 184 191 184
188 182 191 183
184 182 187 183
188 179 191 181
184 179 187 181
188 176 191 178
184 176 187 178
186 174 191 175
186 172 191 173
184 172 185 175
188 169 191 171
184 169 187 171
184 168 191 168
190 162 191 167
186 165 189 167
186 162 189 164
186 160 191 161
184 164 185 167
184 160 185 163
187 158 191 159
187 156 191 157
184 156 186 159
187 154 191 155
187 152 191 153
184 152 186 155
184 151 191 151
188 148 191 150
184 148 187 150
190 144 191 147
187 144 189 147
184 144 186 147
188 142 191 143
188 139 191 141
186 139 187 143
184 139 185 143
188 136 191 138
184 136 187 138
190 131 191 135
188 131 189 135
184 133 187 135
184 131 187 132
187 128 190 130
184 128 186 130
186 126 191 127
186 124 191 125
184 124 185 127
190 120 191 123
187 120 189 123
184 120 186 123
188 117 191 119
184 117 187 119
188 114 191 116
184 114 187 116
188 112 191 113
184 112 187 113
190 106 191 111
187 108 189 111
185 108 186 111
185 106 189 107
185 104 190 105
184 104 184 111
187 102 191 103
187 100 191 101
184 100 186 103
189 96 191 99
184 98 188 99
184 96 188 97
186 94 191 95
186 92 191 93
186 90 191 91
186 88 191 89
185 88 185 95
184 88 184 95
189 83 191 86
185 85 188 87
184 83 188 84
188 80 191 82
184 80 187 82
188 77 191 79
188 75 191 76
188 72 191 74
184 78 187 79
186 72 187 77
184 72 185 77
190 66 191 71
187 69 189 71
187 66 189 68
187 64 191 65
184 68 186 71
184 64 186 67
188 61 191 63
184 61 187 63
188 58 191 60
184 58 187 60
186 56 191 57
186 54 191 55
186 52 191 53
184 52 185 55
188 49 191 51
184 49 187 51
184 48 191 48
187 46 191 47
187 44 191 45
184 44 186 47
188 41 191 43
184 41 187 43
184 40 191 40
188 37 191 39
184 37 187 39
186 34 191 35
186 32 191 33
184 32 185 36
188 30 191 31
184 30 187 31
186 28 191 29
189 24 191 27
186 24 188 27
184 24 185 29
184 23 191 23
188 20 191 22
184 20 187 22
184 19 191 19
188 16 191 18
184 16 187 18
190 10 191 15
184 14 189 15
188 9 189 13
184 12 187 13
184 9 187 11
184 8 191 8
190 4 191 7
184 6 189 7
184 4 189 5
186 2 191 3
186 0 191 1
184 0 185 3
183 240 183 247
181 243 182 247
179 243 180 247
179 240 182 242
176 244 178 247
176 240 178 243
176 239 183 239
180 236 183 238
176 236 179 238
176 235 183 235
180 232 183 234
176 232 179 234
180 229 183 231
176 229 179 231
180 226 183 228
176 226 179 228
178 224 183 225
180 221 183 223
176 221 179 223
176 220 183 220
179 218 183 219
179 216 183 217
176 216 178 219
178 214 183 215
178 212 183 213
176 212 177 215
180 209 183 211
176 209 179 211
176 208 183 208
181 205 183 207
178 205 180 207
178 203 183 204
176 203 177 207
180 200 183 202
176 200 179 202
176 199 183 199
176 198 183 198
180 195 183 197
176 195 179 197
180 192 183 194
176 192 179 194
176 191 183 191
180 188 183 190
176 188 179 190
176 187 183 187
180 184 183 186
176 184 179 186
176 183 183 183
180 180 183 182
176 180 179 182
180 177 183 179
176 177 179 179
176 176 183 176
180 173 183 175
176 173 179 175
180 171 183 172
176 171 179 172
180 168 183 170
176 168 179 170
180 166 183 167
176 166 179 167
176 165 183 165
176 164 183 164
179 162 183 163
179 160 183 161
176 160 178 163
180 157 183 159
176 157 179 159
178 155 183 156
178 153 183 154
176 152 177 156
180 149 183 151
176 149 179 151
176 148 183 148
176 147 183 147
180 144 183 146
176 144 179 146
178 142 183 143
178 140 183 141
176 140 177 143
180 137 183 139
176 137 179 139
176 136 183 136
180 133 183 135
176 133 179 135
180 130 183 132
176 130 179 132
178 128 183 129
181 124 183 127
176 126 180 127
176 124 180 125
180 121 183 123
176 121 179 123
176 120 183 120
181 116 183 119
176 118 180 119
176 116 180 117
176 115 183 115
180 112 183 114
176 112 179 114
182 108 183 111
179 108 181 111
176 108 178 111
181 104 183 107
176 106 180 107
176 104 180 105
182 98 183 103
180 98 181 103
178 98 179 103
178 96 183 97
177 96 177 103
176 96 176 103
182 90 183 95
180 90 181 95
180 88 183 89
178 91 179 95
176 91 177 95
176 88 179 90
182 82 183 87
180 82 181 87
178 82 179 87
176 82 177 87
176 81 183 81
176 80 183 80
180 77 183 79
176 77 179 79
176 76 183 76
176 75 183 75
180 72 183 74
176 72 179 74
181 68 183 71
176 70 180 71
176 68 180 69
178 66 183 67
178 64 183 65
176 64 177 67
181 60 183 63
176 62 180 63
176 60 180 61
180 57 183 59
176 57 179 59
176 56 183 56
178 54 183 55
180 51 183 53
180 48 183 50
178 48 179 53
176 48 177 53
176 47 183 47
179 44 182 46
179 42 183 43
179 40 183 41
176 43 178 46
176 40 178 42
180 37 183 39
180 35 183 36
178 35 179 39
176 35 177 39
180 32 183 34
176 32 179 34
176 31 183 31
180 28 183 30
176 28 179 30
176 27 183 27
180 24 183 26
176 24 179 26
183 16 183 23
180 19 182 22
176 21 179 23
176 19 179 20
179 16 182 18
176 16 178 18
176 15 183 15
178 13 183 14
178 11 183 12
176 11 177 14
180 8 183 10
176 8 179 10
181 5 183 7
178 5 180 7
178 3 183 4
176 3 177 7
176 2 183 2
180 0 183 1
176 0 179 1
171 248 175 249
172 245 175 247
172 243 175 244
170 243 171 247
168 243 169 247
168 242 175 242
168 241 175 241
168 240 175 240
170 238 175 239
170 236 175 237
168 236 169 239
172 233 175 235
168 233 171 235
168 232 175 232
174 226 175 231
169 230 173 231
169 228 173 229
169 226 173 227
170 224 175 225
168 224 168 231
171 222 175 223
171 220 175 221
168 220 170 223
168 219 175 219
172 216 175 218
168 216 171 218
174 211 175 215
172 211 173 215
170 211 171 215
168 211 169 215
172 208 175 210
168 208 171 210
172 205 175 207
168 205 171 207
168 204 175 204
168 203 175 203
172 200 175 202
168 200 171 202
172 197 175 199
168 197 171 199
172 194 175 196
168 194 171 196
168 192 173 193
171 190 175 191
171 188 175 189
168 188 170 191
173 184 175 187
171 184 172 187
168 184 170 187
174 178 175 183
168 182 173 183
171 178 173 181
168 178 170 181
168 177 175 177
168 176 175 176
175 168 175 175
174 168 174 175
170 173 173 175
170 170 173 172
168 170 169 175
168 168 173 169
170 166 175 167
170 164 175 165
170 162 175 163
168 162 169 167
168 160 173 161
170 158 175 159
173 155 175 157
170 155 172 157
168 155 169 159
172 152 175 154
168 152 171 154
168 151 175 151
172 148 175 150
168 148 171 150
168 147 175 147
172 144 175 146
168 144 171 146
173 140 175 143
171 140 172 143
168 140 170 143
171 138 175 139
171 136 175 137
168 136 170 139
174 131 175 135
172 131 173 135
168 134 171 135
168 131 171 133
172 128 175 130
168 128 171 130
172 126 175 127
174 120 175 125
172 120 173 125
171 120 171 127
168 124 170 127
168 120 170 123
174 115 175 119
172 115 173 119
170 115 171 119
168 115 169 119
172 112 175 114
168 112 171 114
175 104 175 111
172 109 174 111
172 106 174 108
170 106 171 111
168 106 169 111
168 104 173 105
168 103 175 103
172 100 175 102
168 100 171 102
172 97 175 99
168 97 171 99
168 96 175 96
170 94 175 95
170 92 175 93
168 92 169 95
168 91 175 91
172 88 175 90
168 88 171 90
168 87 175 87
172 84 175 86
168 84 171 86
170 82 175 83
170 80 175 81
168 80 169 83
172 77 175 79
168 77 171 79
172 74 175 76
168 74 171 76
168 73 175 73
168 72 175 72
170 70 175 71
173 67 175 69
170 67 172 69
168 67 169 71
172 64 175 66
168 64 171 66
170 62 175 63
170 60 175 61
170 58 175 59
168 58 169 63
168 57 175 57
168 56 175 56
174 52 175 55
168 54 173 55
168 52 173 53
170 50 175 51
170 48 175 49
168 48 169 51
168 47 175 47
168 46 175 46
172 43 175 45
168 43 171 45
172 40 175 42
168 40 171 42
172 37 175 39
168 37 171 39
174 32 175 36
172 32 173 36
170 32 171 36
168 32 169 36
172 29 175 31
168 29 171 31
172 26 175 28
168 26 171 28
170 24 175 25
170 22 175 23
170 20 175 21
170 18 175 19
168 18 169 23
172 16 175 17
168 16 171 17
173 12 175 15
170 12 172 15
170 10 175 11
170 8 175 9
168 8 169 13
172 5 175 7
168 5 171 7
168 4 175 4
172 1 175 3
168 1 171 3
168 0 175 0
160 249 167 249
160 248 167 248
160 247 167 247
164 244 167 246
160 244 163 246
160 243 167 243
164 240 167 242
160 240 163 242
165 237 167 239
165 233 167 236
164 232 164 239
163 232 163 239
160 236 162 239
160 232 162 235
162 230 167 231
162 228 167 229
160 228 161 231
164 226 167 227
160 226 163 227
164 224 167 225
160 224 163 225
163 222 167 223
163 220 167 221
160 220 162 223
160 219 167 219
164 216 167 218
160 216 163 218
160 215 167 215
160 214 167 214
164 211 167 213
160 211 163 213
164 208 167 210
160 208 163 210
167 200 167 207
163 206 166 207
165 200 166 205
163 200 164 205
160 205 162 207
160 201 162 204
164 197 167 199
160 197 163 199
160 196 167 196
164 193 167 195
160 193 163 195
160 192 167 192
162 190 167 191
162 188 167 189
162 186 167 187
160 186 161 191
161 184 166 185
163 182 167 183
165 178 167 181
163 178 164 181
163 176 167 177
160 180 162 183
160 176 162 179
166 170 167 175
163 172 165 175
160 172 162 175
160 170 165 171
160 169 167 169
160 168 167 168
164 165 167 167
160 165 163 167
164 162 167 164
160 162 163 164
160 161 167 161
160 160 167 160
166 156 167 159
160 158 165 159
160 156 165 157
165 152 167 155
163 152 164 155
160 152 162 155
167 144 167 151
161 150 166 151
164 146 166 149
161 146 163 149
161 144 166 145
160 144 160 151
167 136 167 143
163 142 166 143
165 136 166 141
163 136 164 141
160 140 162 143
160 136 162 139
163 134 167 135
165 131 167 133
165 128 167 130
163 128 164 133
160 132 162 135
160 128 162 131
163 126 167 127
165 122 167 125
163 122 164 125
163 120 167 121
160 124 162 127
160 120 162 123
160 119 167 119
165 115 167 118
162 115 164 118
160 115 161 118
164 112 167 114
160 112 163 114
167 104 167 111
160 110 165 111
162 108 166 109
165 104 166 107
162 104 164 107
160 104 161 109
166 97 167 102
160 102 165 103
164 97 165 101
160 99 163 101
160 97 163 98
160 96 167 96
164 93 167 95
160 93 163 95
166 88 167 92
162 90 165 92
162 88 165 89
160 88 161 92
164 85 167 87
164 82 167 84
164 80 167 81
160 86 163 87
162 80 163 85
160 80 161 85
160 79 167 79
164 76 167 78
160 76 163 78
160 75 167 75
164 72 167 74
160 72 163 74
164 69 167 71
160 69 163 71
165 66 167 68
162 66 164 68
162 64 167 65
160 64 161 68
163 62 167 63
163 60 167 61
160 60 162 63
162 58 167 59
162 56 167 57
160 56 161 59
166 52 167 55
166 48 167 51
164 50 165 55
162 50 163 55
160 50 161 55
160 48 165 49
164 45 167 47
160 45 163 47
161 43 166 44
164 40 167 42
160 40 163 42
160 39 167 39
166 33 167 38
163 36 165 38
163 32 165 35
160 35 162 38
160 32 162 34
163 30 167 31
163 28 167 29
160 28 162 31
166 24 167 27
160 26 165 27
160 24 165 25
160 23 167 23
164 20 167 22
160 20 163 22
164 17 167 19
160 17 163 19
160 16 167 16
165 12 167 15
163 12 164 15
160 12 162 15
163 10 167 11
163 8 167 9
160 8 162 11
163 6 167 7
163 4 167 5
160 4 162 7
163 2 167 3
163 0 167 1
160 0 162 3
154 248 159 249
158 242 159 247
156 242 157 247
156 240 159 241
153 244 155 247
153 240 155 243
152 240 152 247
158 234 159 239
152 238 157 239
152 236 157 237
152 234 157 235
153 232 158 233
156 230 159 231
152 230 155 231
156 227 159 229
152 227 155 229
156 225 159 226
152 225 155 226
152 224 159 224
157 220 159 223
155 220 156 223
152 220 154 223
156 217 159 219
152 217 155 219
152 216 159 216
152 215 159 215
152 214 159 214
156 211 159 213
152 211 155 213
156 208 159 210
152 208 155 210
156 206 159 207
156 203 159 205
154 203 155 207
152 203 153 207
156 200 159 202
152 200 155 202
156 198 159 199
152 198 155 199
156 196 159 197
152 196 155 197
152 195 159 195
156 192 159 194
152 192 155 194
154 190 159 191
157 186 159 189
154 186 156 189
154 184 159 185
152 188 153 191
152 184 153 187
157 181 159 183
154 181 156 183
154 179 159 180
152 179 153 183
156 176 159 178
152 176 155 178
152 175 159 175
156 172 159 174
152 172 155 174
155 170 159 171
155 168 159 169
152 168 154 171
157 165 159 167
154 165 156 167
154 163 159 164
152 163 153 167
156 160 159 162
152 160 155 162
157 156 159 159
155 156 156 159
152 156 154 159
152 155 159 155
156 152 159 154
152 152 155 154
152 151 159 151
154 149 159 150
154 147 159 148
152 147 153 150
156 144 159 146
152 144 155 146
156 141 159 143
152 141 155 143
155 139 159 140
155 137 159 138
152 137 154 140
152 136 159 136
157 132 159 135
152 134 156 135
152 132 156 133
156 129 159 131
152 129 155 131
152 128 159 128
156 125 159 127
152 125 155 127
156 122 159 124
156 120 159 121
154 120 155 124
152 120 153 124
158 115 159 119
152 118 157 119
155 115 157 117
152 115 154 117
156 112 159 114
152 112 155 114
152 111 159 111
152 110 159 110
152 109 159 109
152 108 159 108
152 107 159 107
156 104 159 106
152 104 155 106
152 103 159 103
152 102 159 102
156 99 159 101
152 99 155 101
156 96 159 98
152 96 155 98
158 90 159 95
154 93 157 95
154 90 157 92
152 90 153 95
152 88 157 89
152 87 159 87
156 84 159 86
152 84 155 86
156 81 159 83
152 81 155 83
152 80 159 80
152 79 159 79
158 73 159 78
155 76 157 78
155 72 157 75
152 75 154 78
152 72 154 74
157 68 159 71
152 70 156 71
152 68 156 69
152 67 159 67
156 64 159 66
152 64 155 66
155 61 158 63
152 61 154 63
156 58 159 60
156 56 159 57
154 56 155 60
152 56 153 60
152 55 159 55
156 52 159 54
152 52 155 54
154 50 159 51
154 48 159 49
152 48 153 51
154 46 159 47
158 40 159 45
156 40 157 45
154 40 155 45
152 40 153 45
157 37 159 39
154 37 156 39
154 35 159 36
152 35 153 39
156 32 159 34
152 32 155 34
152 31 159 31
152 30 159 30
156 27 159 29
152 27 155 29
156 24 159 26
152 24 155 26
152 23 159 23
156 20 159 22
152 20 155 22
158 16 159 19
155 16 157 19
152 16 154 19
156 13 159 15
152 13 155 15
156 10 159 12
152 10 155 12
156 8 159 9
152 8 155 9
152 7 159 7
152 6 159 6
158 0 159 5
152 4 157 5
152 2 157 3
152 0 157 1
144 248 151 248
148 245 151 247
144 245 147 247
148 242 151 244
144 242 147 244
146 240 151 241
150 235 151 239
148 235 149 239
146 235 147 239
144 235 145 239
148 232 151 234
144 232 147 234
149 229 151 231
146 229 148 231
146 227 151 228
144 227 145 231
148 224 151 226
144 224 147 226
144 223 151 223
149 220 151 222
146 220 148 222
146 218 151 219
146 216 151 217
144 217 145 222
144 215 151 215
148 212 151 214
144 212 147 214
144 211 151 211
148 208 151 210
144 208 147 210
150 202 151 207
147 204 149 207
147 201 149 203
144 204 146 207
144 201 146 203
144 200 151 200
149 196 151 199
149 192 151 195
144 198 148 199
146 194 148 197
144 194 145 197
144 192 148 193
144 191 151 191
148 188 151 190
144 188 147 190
144 187 151 187
148 184 151 186
144 184 147 186
149 180 151 183
149 176 151 179
147 178 148 183
145 178 146 183
144 176 148 177
144 175 151 175
146 173 151 174
146 171 151 172
146 169 151 170
144 169 145 174
144 168 151 168
144 167 151 167
148 164 151 166
144 164 147 166
144 163 151 163
148 161 151 162
144 161 147 162
144 160 151 160
149 156 151 159
146 156 148 159
149 152 151 155
146 152 148 155
144 154 145 159
148 149 151 151
144 149 147 151
148 146 151 148
144 146 147 148
148 144 151 145
144 144 147 145
148 141 151 143
144 141 147 143
144 140 151 140
148 137 151 139
144 137 147 139
144 136 151 136
146 134 151 135
146 132 151 133
144 132 145 135
149 128 151 131
144 130 148 131
144 128 148 129
149 124 151 127
149 120 151 123
146 123 148 126
146 120 148 122
144 120 145 125
149 116 151 119
147 116 148 119
144 116 146 119
146 114 151 115
146 112 151 113
144 112 145 115
149 108 151 111
147 108 148 111
144 108 146 111
144 107 151 107
148 104 151 106
144 104 147 106
146 102 151 103
146 100 151 101
144 100 145 103
144 99 151 99
148 96 151 98
144 96 147 98
148 93 151 95
144 93 147 95
146 91 151 92
148 88 151 90
144 88 147 90
148 85 151 87
144 85 147 87
144 84 151 84
150 80 151 83
147 80 149 83
144 80 146 83
146 78 151 79
150 72 151 77
146 76 149 77
146 72 148 75
144 72 145 77
146 70 151 71
149 67 151 69
146 67 148 69
144 67 145 71
148 64 151 66
144 64 147 66
149 60 151 63
144 62 148 63
144 60 148 61
148 57 151 59
144 57 147 59
144 56 151 56
150 51 151 55
148 51 149 55
146 51 147 55
144 51 145 55
148 48 151 50
144 48 147 50
144 47 151 47
149 43 151 46
147 43 148 46
144 43 146 46
148 40 151 42
144 40 147 42
149 36 151 39
144 38 148 39
144 36 148 37
149 32 151 35
146 32 148 35
144 32 145 35
149 29 151 31
146 29 148 31
146 27 151 28
144 27 145 31
148 24 151 26
144 24 147 26
144 23 151 23
149 19 151 22
147 19 148 22
144 19 146 22
148 16 151 18
144 16 147 18
151 8 151 15
145 14 150 15
147 11 150 13
147 8 150 10
145 8 146 13
144 8 144 15
144 7 151 7
149 3 151 6
146 3 148 6
146 1 151 2
144 1 145 6
144 0 151 0
138 248 143 249
142 243 143 247
138 245 141 247
138 243 141 244
136 243 137 247
136 242 143 242
136 241 143 241
136 240 143 240
139 238 143 239
141 235 143 237
141 232 143 234
139 232 140 237
136 236 138 239
136 232 138 235
139 230 143 231
139 228 143 229
136 228 138 231
136 227 143 227
140 224 143 226
136 224 139 226
138 222 143 223
138 220 143 221
138 218 143 219
138 216 143 217
137 216 137 223
136 216 136 223
141 212 143 215
141 208 143 211
140 208 140 215
137 212 139 215
137 208 139 211
136 208 136 215
140 205 143 207
136 205 139 207
136 204 143 204
140 201 143 203
136 201 139 203
136 200 143 200
136 199 143 199
136 198 143 198
138 196 143 197
141 192 143 195
138 192 140 195
136 192 137 197
140 190 143 191
136 190 139 191
140 187 143 189
136 187 139 189
140 184 143 186
136 184 139 186
136 183 143 183
138 181 143 182
142 176 143 180
140 176 141 180
138 176 139 180
136 176 137 181
136 175 143 175
141 171 143 174
136 173 140 174
136 171 140 172
140 168 143 170
136 168 139 170
136 167 143 167
140 164 143 166
136 164 139 166
142 160 143 163
136 162 141 163
136 160 141 161
142 156 143 159
139 156 141 159
136 156 138 159
138 154 143 155
138 152 143 153
136 152 137 155
140 149 143 151
136 149 139 151
138 147 143 148
138 145 143 146
136 145 137 148
136 144 143 144
138 142 143 143
141 139 143 141
138 139 140 141
136 139 137 143
140 136 143 138
136 136 139 138
139 134 143 135
139 132 143 133
136 132 138 135
136 131 143 131
140 129 143 130
136 129 139 130
136 128 143 128
138 126 143 127
138 124 143 125
138 122 143 123
138 120 143 121
136 120 137 125
140 117 143 119
140 115 143 116
138 115 139 119
136 115 137 119
140 112 143 114
136 112 139 114
142 106 143 111
140 106 141 111
140 104 143 105
139 104 139 111
136 107 138 110
136 104 138 106
138 102 143 103
138 100 143 101
136 100 137 103
138 98 143 99
138 96 143 97
136 96 137 99
140 94 143 95
140 91 143 93
136 93 139 95
136 91 139 92
140 88 143 90
136 88 139 90
138 86 143 87
141 82 143 85
138 82 140 85
136 82 137 87
138 80 143 81
140 77 143 79
140 74 143 76
140 72 143 73
137 76 139 79
137 72 139 75
136 72 136 79
142 66 143 71
136 70 141 71
136 68 141 69
136 66 141 67
138 64 143 65
142 60 143 63
139 60 141 63
136 60 138 63
136 59 143 59
140 56 143 58
136 56 139 58
136 55 143 55
140 52 143 54
136 52 139 54
140 49 143 51
136 49 139 51
136 48 143 48
140 45 143 47
136 45 139 47
141 41 143 44
136 43 140 44
136 41 140 42
136 40 143 40
141 36 143 39
138 36 140 39
141 32 143 35
138 32 140 35
136 34 137 39
136 31 143 31
141 27 143 30
136 29 140 30
136 27 140 28
140 24 143 26
136 24 139 26
141 20 143 23
141 17 143 19
139 19 140 23
136 19 138 22
136 17 140 18
136 16 143 16
142 12 143 15
139 12 141 15
136 12 138 15
140 9 143 11
136 9 139 11
136 8 143 8
140 5 143 7
136 5 139 7
136 4 143 4
138 2 143 3
138 0 143 1
136 0 137 3
128 247 135 247
132 244 135 246
128 244 131 246
129 242 134 243
132 240 135 241
128 240 131 241
128 239 135 239
128 238 135 238
132 235 135 237
128 235 131 237
132 232 135 234
128 232 131 234
134 227 135 231
132 227 133 231
128 227 131 229
132 224 135 226
128 224 131 226
132 221 135 223
128 221 131 223
133 218 135 220
130 218 132 220
130 216 135 217
128 216 129 220
128 215 135 215
132 212 135 214
128 212 131 214
133 208 135 211
131 208 132 211
128 208 130 211
133 204 135 207
131 203 132 207
131 201 135 202
128 204 130 207
128 201 130 203
128 200 135 200
134 194 135 199
132 194 133 199
130 194 131 199
128 194 129 199
130 192 135 193
131 190 135 191
131 188 135 189
128 188 130 191
128 187 135 187
132 184 135 186
128 184 131 186
128 183 135 183
128 182 135 182
132 179 135 181
128 179 131 181
132 176 135 178
128 176 131 178
132 173 135 175
128 173 131 175
132 171 135 172
132 168 135 170
128 170 131 172
128 168 131 169
135 160 135 167
132 164 134 167
132 160 134 163
131 160 131 167
128 164 130 167
128 160 130 163
132 157 135 159
128 157 131 159
132 155 135 156
128 155 131 156
132 152 135 154
128 152 131 154
134 147 135 151
132 147 133 151
130 147 131 151
128 147 129 151
132 144 135 146
128 144 131 146
132 141 135 143
128 141 131 143
132 138 135 140
128 138 131 140
132 136 135 137
128 136 131 137
134 130 135 135
132 130 133 135
132 128 135 129
129 132 131 135
129 128 131 131
128 128 128 135
130 126 135 127
130 124 135 125
128 124 129 127
133 120 135 123
128 122 132 123
128 120 132 121
134 113 135 118
128 118 133 119
128 116 133 117
128 113 131 115
133 108 135 111
130 108 132 111
128 108 129 111
132 105 135 107
128 105 131 107
128 104 135 104
132 102 135 103
128 102 131 103
132 99 135 101
128 99 131 101
132 96 135 98
128 96 131 98
132 93 135 95
128 93 131 95
132 90 135 92
128 90 131 92
132 88 135 89
128 88 131 89
134 82 135 87
131 85 133 87
128 85 130 87
128 83 133 84
128 81 133 82
128 80 135 80
130 78 135 79
130 76 135 77
128 76 129 79
130 74 135 75
130 72 135 73
128 72 129 75
128 71 135 71
131 69 135 70
131 67 135 68
128 67 130 70
132 64 135 66
128 64 131 66
133 61 135 63
130 61 132 63
130 59 135 60
128 59 129 63
132 56 135 58
128 56 131 58
134 50 135 55
131 53 133 55
131 50 133 52
131 48 135 49
128 52 130 55
128 48 130 51
133 44 135 47
133 40 135 43
128 46 132 47
130 43 132 45
130 40 132 42
128 40 129 45
132 37 135 39
128 37 131 39
133 34 135 36
130 34 132 36
130 32 135 33
128 32 129 36
132 29 135 31
128 29 131 31
132 27 135 28
128 27 131 28
132 24 135 26
128 24 131 26
132 21 135 23
128 21 131 23
134 16 135 20
132 16 133 20
128 18 131 20
128 16 131 17
130 14 135 15
131 12 135 13
131 10 135 11
131 8 135 9
129 8 130 13
128 8 128 15
135 0 135 7
129 6 134 7
129 4 134 5
132 0 134 3
129 0 131 3
128 0 128 7
122 248 127 249
125 244 127 247
122 244 124 247
122 242 127 243
120 242 121 247
122 240 127 241
124 237 127 239
120 237 123 239
125 234 127 236
122 234 124 236
122 232 127 233
120 232 121 236
124 229 127 231
120 229 123 231
120 228 127 228
123 226 127 227
123 224 127 225
120 224 122 227
124 221 127 223
124 219 127 220
122 219 123 223
120 219 121 223
124 216 127 218
120 216 123 218
124 213 127 215
120 213 123 215
120 212 127 212
124 209 127 211
120 209 123 211
120 208 127 208
122 206 127 207
122 204 127 205
122 202 127 203
120 202 121 207
120 201 127 201
120 200 127 200
124 197 127 199
120 197 123 199
120 196 127 196
123 194 127 195
123 192 127 193
120 192 122 195
124 189 127 191
120 189 123 191
120 188 127 188
122 186 127 187
122 184 127 185
120 184 121 187
124 181 127 183
120 181 123 183
124 178 127 180
120 178 123 180
120 177 127 177
120 176 127 176
127 168 127 175
124 172 126 175
124 168 126 171
123 168 123 175
120 172 122 175
120 168 122 171
122 166 127 167
126 160 127 165
120 164 125 165
120 162 125 163
120 160 125 161
124 157 127 159
120 157 123 159
124 155 127 156
120 155 123 156
124 152 127 154
120 152 123 154
124 150 127 151
124 147 127 149
122 147 123 151
120 147 121 151
120 146 127 146
120 145 127 145
120 144 127 144
124 141 127 143
124 139 127 140
122 139 123 143
120 139 121 143
120 138 127 138
120 137 127 137
120 136 127 136
124 133 127 135
120 133 123 135
122 131 127 132
124 128 127 130
120 128 123 130
125 124 127 127
122 124 124 127
120 124 121 127
125 120 127 123
123 120 124 123
120 120 122 123
126 114 127 119
120 118 125 119
120 116 125 117
120 114 125 115
122 112 127 113
121 110 126 111
124 107 127 109
120 107 123 109
124 104 127 106
120 104 123 106
124 102 127 103
120 102 123 103
125 98 127 101
122 98 124 101
122 96 127 97
120 96 121 101
125 92 127 95
122 92 124 95
120 92 121 95
124 89 127 91
120 89 123 91
120 88 127 88
120 87 127 87
122 85 127 86
122 83 127 84
122 81 127 82
120 81 121 86
120 80 127 80
126 74 127 79
122 77 125 79
122 74 125 76
122 72 127 73
120 73 121 78
124 69 127 71
124 67 127 68
122 67 123 71
120 67 121 71
124 64 127 66
120 64 123 66
124 61 127 63
124 59 127 60
122 59 123 63
120 59 121 63
124 56 127 58
120 56 123 58
124 53 127 55
120 53 123 55
124 50 127 52
120 50 123 52
124 48 127 49
120 48 123 49
120 47 127 47
120 46 127 46
122 44 127 45
122 42 127 43
122 40 127 41
120 40 121 45
124 37 127 39
120 37 123 39
126 32 127 36
123 33 125 36
120 33 122 36
126 26 127 31
120 30 125 31
120 28 125 29
120 26 125 27
122 24 127 25
125 20 127 23
125 16 127 19
123 17 124 22
120 20 122 23
120 16 122 19
125 12 127 15
123 12 124 15
120 12 122 15
120 11 127 11
124 8 127 10
120 8 123 10
123 6 127 7
123 4 127 5
120 4 122 7
124 1 127 3
120 1 123 3
120 0 127 0
115 246 119 247
115 244 119 245
112 244 114 247
114 242 119 243
114 240 119 241
112 240 113 243
112 239 119 239
116 236 119 238
112 236 115 238
117 232 119 235
112 234 116 235
112 232 116 233
112 231 119 231
112 230 119 230
116 227 119 229
112 227 115 229
116 224 119 226
112 224 115 226
112 223 119 223
117 219 119 222
112 221 116 222
112 219 116 220
116 216 119 218
112 216 115 218
116 213 119 215
112 213 115 215
117 210 119 212
114 210 116 212
114 208 119 209
112 208 113 212
112 207 119 207
115 205 119 206
117 201 119 204
115 200 116 204
112 203 114 206
112 200 114 202
114 198 119 199
117 194 119 197
114 194 116 197
112 194 113 199
114 192 119 193
112 191 119 191
116 189 119 190
112 189 115 190
116 186 119 188
112 186 115 188
112 185 119 185
112 184 119 184
116 181 119 183
112 181 115 183
117 177 119 180
112 179 116 180
112 177 116 178
112 176 119 176
116 173 119 175
116 171 119 172
114 171 115 175
112 171 113 175
116 168 119 170
112 168 115 170
117 164 119 167
114 164 116 167
114 162 119 163
112 162 113 167
112 161 119 161
112 160 119 160
112 159 119 159
115 157 119 158
115 155 119 156
112 155 114 158
116 152 119 154
112 152 115 154
114 150 119 151
114 148 119 149
114 146 119 147
112 146 113 151
116 144 119 145
112 144 115 145
116 142 119 143
116 139 119 141
116 136 119 138
114 138 115 143
112 138 113 143
112 136 115 137
117 133 119 135
114 133 116 135
114 131 119 132
112 131 113 135
116 128 119 130
112 128 115 130
115 126 119 127
117 122 119 125
115 122 116 125
115 120 119 121
112 124 114 127
112 120 114 123
112 119 119 119
115 117 119 118
115 115 119 116
112 115 114 118
116 112 119 114
112 112 115 114
116 109 119 111
112 109 115 111
116 106 119 108
112 106 115 108
112 105 119 105
112 104 119 104
116 101 119 103
112 101 115 103
112 100 119 100
116 97 119 99
112 97 115 99
112 96 119 96
118 90 119 95
115 93 117 95
115 90 117 92
115 88 119 89
112 92 114 95
112 88 114 91
112 87 119 87
116 84 119 86
112 84 115 86
112 83 119 83
116 80 119 82
112 80 115 82
115 78 119 79
115 76 119 77
112 76 114 79
116 73 119 75
112 73 115 75
112 72 119 72
116 69 119 71
116 66 119 68
116 64 119 65
115 64 115 71
112 69 114 71
112 65 114 68
112 63 119 63
114 61 119 62
114 59 119 60
112 59 113 62
116 56 119 58
112 56 115 58
119 48 119 55
118 48 118 55
112 54 117 55
112 52 117 53
112 50 117 51
112 48 117 49
118 43 119 47
115 45 117 47
112 45 114 47
112 43 117 44
116 40 119 42
112 40 115 42
117 36 119 39
112 38 116 39
112 36 116 37
112 35 119 35
116 32 119 34
112 32 115 34
116 29 119 31
112 29 115 31
116 26 119 28
112 26 115 28
116 24 119 25
112 24 115 25
115 22 119 23
115 20 119 21
118 16 119 19
115 16 117 19
112 21 114 23
112 17 114 20
112 15 119 15
112 14 119 14
118 8 119 13
116 8 117 13
114 8 115 13
112 8 113 13
112 7 119 7
118 3 119 6
112 5 117 6
112 3 117 4
116 0 119 2
112 0 115 2
104 248 111 248
109 245 111 247
106 245 108 247
106 243 111 244
104 243 105 247
104 242 111 242
104 241 111 241
104 240 111 240
106 237 111 238
109 234 111 236
106 234 108 236
106 232 111 233
105 232 105 239
104 232 104 239
111 224 111 231
109 226 110 231
104 230 108 231
107 226 108 229
104 226 106 229
105 224 110 225
106 222 111 223
106 220 111 221
106 218 111 219
104 218 105 223
106 216 111 217
108 213 111 215
104 213 107 215
104 212 111 212
104 211 111 211
108 208 111 210
104 208 107 210
104 207 111 207
108 204 111 206
104 204 107 206
104 203 111 203
108 200 111 202
104 200 107 202
108 197 111 199
104 197 107 199
104 196 111 196
108 193 111 195
104 193 107 195
104 192 111 192
108 189 111 191
104 189 107 191
108 187 111 188
104 187 107 188
104 186 111 186
104 185 111 185
104 184 111 184
108 181 111 183
104 181 107 183
108 178 111 180
104 178 107 180
104 177 111 177
104 176 111 176
110 171 111 175
104 173 109 174
104 171 109 172
109 168 111 170
105 168 108 170
109 165 111 167
109 161 111 164
104 166 108 167
104 164 108 165
104 162 108 163
104 160 108 161
108 157 111 159
104 157 107 159
108 154 111 156
104 154 107 156
106 152 111 153
111 144 111 151
108 149 110 151
104 149 107 151
107 146 110 148
104 146 106 148
105 144 110 145
108 141 111 143
108 139 111 140
104 142 107 143
104 139 107 141
108 136 111 138
104 136 107 138
108 133 111 135
104 133 107 135
104 132 111 132
104 131 111 131
108 128 111 130
104 128 107 130
109 125 111 127
106 125 108 127
106 123 111 124
104 123 105 127
104 122 111 122
108 120 111 121
104 120 107 121
108 117 111 119
108 114 111 116
106 114 107 119
106 112 111 113
104 113 105 118
109 109 111 111
106 109 108 111
106 107 111 108
104 107 105 111
108 104 111 106
104 104 107 106
106 102 111 103
109 98 111 101
106 98 108 101
104 98 105 103
106 96 111 97
109 93 111 95
106 93 108 95
106 91 111 92
104 91 105 95
108 88 111 90
104 88 107 90
108 85 111 87
104 85 107 87
110 80 111 84
106 83 109 84
106 80 109 82
104 80 105 84
108 77 111 79
108 74 111 76
108 72 111 73
104 78 107 79
106 72 107 77
104 72 105 77
106 70 111 71
110 64 111 69
108 64 109 69
106 64 107 69
104 64 105 69
108 62 111 63
108 59 111 61
104 61 107 63
104 59 107 60
108 57 111 58
104 57 107 58
104 56 111 56
108 53 111 55
104 53 107 55
106 51 111 52
106 49 111 50
104 49 105 52
104 48 111 48
106 46 111 47
106 44 111 45
106 42 111 43
104 42 105 47
104 41 111 41
104 40 111 40
110 34 111 39
108 34 109 39
108 32 111 33
104 38 107 39
104 35 107 37
104 32 107 34
106 30 111 31
109 26 111 29
106 26 108 29
104 26 105 31
106 24 111 25
106 22 111 23
106 20 111 21
104 20 105 23
109 16 111 19
106 16 108 19
104 16 105 19
109 12 111 15
109 8 111 11
107 9 108 14
104 12 106 15
104 8 106 11
104 7 111 7
109 3 111 6
104 5 108 6
104 3 108 4
108 0 111 2
104 0 107 2
102 243 103 247
99 245 101 247
96 245 98 247
96 243 101 244
100 240 103 242
96 240 99 242
98 238 103 239
101 235 103 237
98 235 100 237
96 235 97 239
100 232 103 234
96 232 99 234
100 229 103 231
96 229 99 231
96 228 103 228
102 224 103 227
99 224 101 227
96 224 98 227
100 221 103 223
96 221 99 223
101 218 103 220
98 218 100 220
98 216 103 217
96 216 97 220
100 213 103 215
96 213 99 215
100 211 103 212
96 211 99 212
100 208 103 210
96 208 99 210
96 207 103 207
96 206 103 206
102 200 103 205
100 200 101 205
98 200 99 205
96 200 97 205
100 197 103 199
96 197 99 199
99 195 103 196
99 193 103 194
96 193 98 196
96 192 103 192
101 188 103 191
96 190 100 191
96 188 100 189
99 186 103 187
99 184 103 185
96 184 98 187
102 180 103 183
99 180 101 183
96 180 98 183
96 179 103 179
101 176 103 178
97 176 100 178
102 172 103 175
96 174 101 175
96 172 101 173
100 169 103 171
96 169 99 171
96 168 103 168
103 160 103 167
100 164 102 167
100 160 102 163
99 160 99 167
96 164 98 167
96 160 98 163
101 156 103 159
101 152 103 155
96 158 100 159
99 154 100 157
96 154 98 157
96 152 100 153
96 151 103 151
100 148 103 150
96 148 99 150
96 147 103 147
100 144 103 146
96 144 99 146
100 142 103 143
100 139 103 141
96 141 99 143
96 139 99 140
100 136 103 138
96 136 99 138
98 134 103 135
101 130 103 133
98 130 100 133
98 128 103 129
97 128 97 135
96 128 96 135
99 126 103 127
99 124 103 125
96 124 98 127
96 123 103 123
100 120 103 122
96 120 99 122
98 118 103 119
102 112 103 117
98 115 101 117
98 112 101 114
96 112 97 117
100 109 103 111
96 109 99 111
100 106 103 108
96 106 99 108
96 105 103 105
96 104 103 104
96 102 101 103
100 99 103 101
96 99 99 101
100 96 103 98
96 96 99 98
101 92 103 95
96 94 100 95
96 92 100 93
98 90 103 91
98 88 103 89
96 88 97 91
99 86 103 87
99 84 103 85
96 84 98 87
100 81 103 83
96 81 99 83
96 80 103 80
100 77 103 79
96 77 99 79
96 76 103 76
101 72 103 75
96 74 100 75
96 72 100 73
100 68 103 70
100 66 103 67
98 66 99 71
98 64 103 65
96 64 97 69
102 59 103 63
100 59 101 63
96 61 99 63
96 59 99 60
100 56 103 58
96 56 99 58
102 52 103 55
96 54 101 55
96 52 101 53
98 50 103 51
98 48 103 49
96 48 97 51
100 46 103 47
100 43 103 45
98 43 99 47
96 43 97 47
100 40 103 42
96 40 99 42
103 32 103 39
98 38 102 39
101 34 102 37
98 34 100 37
96 34 97 39
97 32 102 33
100 29 103 31
96 29 99 31
97 27 102 28
100 24 103 26
96 24 99 26
102 18 103 23
100 18 101 23
96 21 99 23
96 18 99 20
96 16 101 17
102 11 103 15
100 11 101 15
96 13 99 15
96 11 99 12
100 8 103 10
96 8 99 10
98 6 103 7
98 4 103 5
98 2 103 3
98 0 103 1
96 1 97 6
92 245 95 247
92 243 95 244
90 243 91 247
88 243 89 247
92 240 95 242
88 240 91 242
94 235 95 239
92 235 93 239
90 235 91 239
88 235 89 239
92 232 95 234
88 232 91 234
92 229 95 231
88 229 91 231
90 227 95 228
92 224 95 226
88 224 91 226
93 220 95 223
93 216 95 219
89 221 92 223
88 218 91 220
88 216 92 217
91 214 95 215
91 212 95 213
88 212 90 215
93 208 95 211
90 208 92 211
88 208 89 211
93 204 95 207
90 204 92 207
88 204 89 207
92 201 95 203
88 201 91 203
88 200 95 200
90 198 95 199
90 196 95 197
90 194 95 195
88 194 89 199
90 192 95 193
90 190 95 191
92 186 94 189
89 186 91 189
89 184 94 185
88 184 88 191
94 179 95 183
92 179 93 183
90 179 91 183
88 179 89 183
88 178 95 178
92 176 95 177
88 176 91 177
92 173 95 175
88 173 91 175
93 170 95 172
90 170 92 172
90 168 95 169
88 168 89 172
92 165 95 167
88 165 91 167
88 164 95 164
91 162 95 163
91 160 95 161
88 160 90 163
88 159 95 159
90 157 95 158
90 155 95 156
88 155 89 158
92 152 95 154
88 152 91 154
89 150 94 151
90 148 95 149
90 146 95 147
90 144 95 145
88 144 89 149
88 143 95 143
92 140 95 142
88 140 91 142
91 138 95 139
91 136 95 137
88 136 90 139
92 133 95 135
88 133 91 135
92 130 95 132
88 130 91 132
88 129 95 129
88 128 95 128
90 126 95 127
90 124 95 125
88 124 89 127
90 122 95 123
90 120 95 121
88 120 89 123
88 119 95 119
92 116 95 118
88 116 91 118
92 113 95 115
88 113 91 115
88 112 95 112
95 104 95 111
93 107 94 111
91 107 92 111
88 107 90 110
92 104 94 106
88 104 91 106
90 102 95 103
93 98 95 101
90 98 92 101
88 98 89 103
88 97 95 97
88 96 95 96
94 90 95 95
92 90 93 95
88 93 91 95
88 90 91 92
90 88 95 89
92 85 95 87
88 85 91 87
92 82 95 84
88 82 91 84
92 80 95 81
88 80 91 81
92 77 95 79
88 77 91 79
88 76 95 76
88 75 95 75
92 72 95 74
88 72 91 74
88 71 95 71
92 69 95 70
92 66 95 68
90 66 91 70
90 64 95 65
88 64 89 69
92 61 95 63
88 61 91 63
88 60 95 60
92 57 95 59
88 57 91 59
88 56 95 56
91 54 95 55
91 52 95 53
88 52 90 55
88 51 95 51
92 48 95 50
88 48 91 50
93 44 95 47
90 44 92 47
88 44 89 47
92 41 95 43
88 41 91 43
88 40 95 40
92 37 95 39
88 37 91 39
88 36 95 36
91 34 95 35
91 32 95 33
88 32 90 35
94 28 95 31
91 28 93 31
88 28 90 31
91 26 95 27
91 24 95 25
88 24 90 27
95 16 95 23
94 16 94 23
88 22 93 23
88 20 93 21
88 18 93 19
88 16 93 17
90 14 95 15
92 11 95 13
92 8 95 10
90 8 91 13
88 12 89 15
88 8 89 11
92 5 95 7
88 5 91 7
93 1 95 4
91 1 92 4
88 1 90 4
88 0 95 0
82 248 87 249
84 245 87 247
84 243 87 244
82 243 83 247
80 243 81 247
84 240 87 242
80 240 83 242
80 239 87 239
80 238 87 238
86 233 87 237
80 236 85 237
83 233 85 235
80 233 82 235
80 232 87 232
86 226 87 231
83 228 85 231
83 224 85 227
80 228 82 231
80 224 82 227
81 222 86 223
84 219 87 221
80 219 83 221
84 216 87 218
80 216 83 218
84 213 87 215
84 211 87 212
82 211 83 215
80 211 81 215
84 208 87 210
80 208 83 210
82 206 87 207
85 203 87 205
82 203 84 205
80 203 81 207
84 200 87 202
80 200 83 202
86 195 87 199
80 198 85 199
82 195 85 197
84 192 87 194
80 192 83 194
84 189 87 191
80 189 83 191
84 187 87 188
84 184 87 186
80 186 83 188
84 181 87 183
80 181 83 183
80 180 87 180
84 177 87 179
80 177 83 179
80 176 87 176
84 174 87 175
80 174 83 175
84 171 87 173
80 171 83 173
80 170 87 170
84 168 87 169
80 168 83 169
85 164 87 167
80 166 84 167
80 164 84 165
85 160 87 163
83 160 84 163
80 160 82 163
86 155 87 159
84 155 85 159
80 157 83 159
80 155 83 156
84 152 87 154
80 152 83 154
84 149 87 151
80 149 83 151
84 146 87 148
80 146 83 148
82 144 87 145
86 140 87 143
83 140 85 143
80 140 82 143
82 138 87 139
82 136 87 137
80 136 81 139
84 133 87 135
80 133 83 135
80 132 87 132
82 130 87 131
82 128 87 129
80 128 81 131
82 126 87 127
82 124 87 125
82 122 87 123
80 122 81 127
82 120 87 121
83 117 86 119
83 114 86 116
83 112 87 113
80 116 82 119
80 112 82 115
82 110 87 111
82 108 87 109
80 108 81 111
84 105 87 107
80 105 83 107
80 104 87 104
83 102 87 103
83 100 87 101
80 100 82 103
83 98 87 99
83 96 87 97
80 96 82 99
85 92 87 95
82 92 84 95
80 92 81 95
80 91 87 91
84 88 87 90
80 88 83 90
85 84 87 87
80 86 84 87
80 84 84 85
85 80 87 83
80 82 84 83
80 80 84 81
84 77 87 79
80 77 83 79
82 75 87 76
85 72 87 74
82 72 84 74
80 72 81 76
87 64 87 71
84 68 86 71
84 64 86 67
83 64 83 71
80 68 82 71
80 64 82 67
82 62 87 63
85 59 87 61
82 59 84 61
80 59 81 63
84 56 87 58
80 56 83 58
85 52 87 55
82 52 84 55
82 50 87 51
80 50 81 55
80 49 87 49
80 48 87 48
84 45 87 47
80 45 83 47
84 43 87 44
84 40 87 42
82 40 83 44
80 40 81 44
81 38 86 39
84 35 87 37
84 32 87 34
82 32 83 37
80 32 81 37
80 31 87 31
82 29 87 30
82 27 87 28
80 27 81 30
84 24 87 26
80 24 83 26
83 22 87 23
83 20 87 21
80 20 82 23
82 18 87 19
82 16 87 17
80 16 81 19
86 10 87 15
83 10 84 15
83 8 87 9
80 12 82 15
80 8 82 11
80 7 87 7
80 6 87 6
84 3 87 5
80 3 83 5
84 0 87 2
80 0 83 2
74 248 77 249
76 246 79 247
72 246 75 247
78 240 79 245
76 240 77 245
72 243 75 245
72 240 75 242
76 238 79 239
72 238 75 239
72 237 79 237
76 234 79 236
72 234 75 236
74 232 79 233
76 229 79 231
72 229 75 231
74 227 79 228
77 224 79 226
74 224 76 226
72 224 73 228
76 221 79 223
72 221 75 223
76 219 79 220
72 219 75 220
76 217 79 218
72 217 75 218
72 216 79 216
79 208 79 215
75 213 78 215
75 210 78 212
75 208 78 209
72 212 74 215
72 208 74 211
76 205 79 207
72 205 75 207
78 200 79 204
76 200 77 204
74 200 75 204
72 200 73 204
77 196 79 199
75 196 76 199
72 196 74 199
74 194 79 195
74 192 79 193
72 192 73 195
72 191 79 191
76 188 79 190
72 188 75 190
72 187 79 187
76 184 79 186
72 184 75 186
72 183 79 183
76 180 79 182
72 180 75 182
72 179 79 179
76 176 79 178
72 176 75 178
72 175 79 175
74 173 79 174
74 171 79 172
74 169 79 170
72 169 73 174
72 168 79 168
75 166 79 167
75 164 79 165
72 164 74 167
75 162 79 163
75 160 79 161
72 160 74 163
76 157 79 159
72 157 75 159
74 155 79 156
76 152 79 154
72 152 75 154
74 150 79 151
74 148 79 149
74 146 79 147
74 144 79 145
72 144 73 149
72 143 79 143
76 140 79 142
72 140 75 142
76 137 79 139
72 137 75 139
72 136 79 136
75 134 79 135
75 132 79 133
72 132 74 135
77 128 79 131
72 130 76 131
72 128 76 129
78 122 79 127
74 125 77 127
74 122 77 124
72 122 73 127
74 120 79 121
75 118 79 119
75 116 79 117
72 116 74 119
72 115 79 115
76 112 79 114
72 112 75 114
76 109 79 111
75 107 79 108
73 107 74 111
76 104 79 106
73 104 75 106
72 104 72 111
76 101 79 103
72 101 75 103
74 99 79 100
77 96 79 98
74 96 76 98
72 96 73 100
74 94 79 95
72 93 79 93
78 88 79 92
76 88 77 92
72 91 75 92
72 88 75 90
77 84 79 87
74 84 76 87
74 82 79 83
72 82 73 87
76 80 79 81
72 80 75 81
77 76 79 79
75 76 76 79
72 76 74 79
76 73 79 75
72 73 75 75
72 72 79 72
79 64 79 71
77 66 78 71
73 69 76 71
73 66 76 68
73 64 78 65
72 64 72 71
76 61 79 63
72 61 75 63
74 59 79 60
74 57 79 58
72 57 73 60
72 56 79 56
78 51 79 55
76 51 77 55
76 48 79 50
73 52 75 55
73 48 75 51
72 48 72 55
74 46 79 47
77 43 79 45
74 43 76 45
72 43 73 47
76 40 79 42
72 40 75 42
74 38 79 39
77 35 79 37
74 35 76 37
72 35 73 39
76 32 79 34
72 32 75 34
72 31 79 31
78 27 79 30
75 27 77 30
72 27 74 30
76 24 79 26
72 24 75 26
77 21 79 23
74 21 76 23
74 19 79 20
72 19 73 23
76 16 79 18
72 16 75 18
76 13 79 15
72 13 75 15
72 12 79 12
74 10 79 11
74 8 79 9
72 8 73 11
77 5 79 7
74 5 76 7
74 3 79 4
72 3 73 7
76 0 79 2
72 0 75 2
64 248 68 249
68 245 71 247
64 245 67 247
64 244 71 244
64 243 71 243
68 240 71 242
64 240 67 242
69 235 71 238
67 234 68 239
67 232 71 233
65 233 66 238
66 230 71 231
66 228 71 229
64 228 65 231
68 225 71 227
64 225 67 227
64 224 71 224
70 220 71 223
67 220 69 223
64 220 66 223
64 219 71 219
68 216 71 218
64 216 67 218
70 212 71 215
64 214 69 215
64 212 69 213
66 210 71 211
66 208 71 209
64 208 65 211
68 205 71 207
64 205 67 207
64 204 71 204
67 202 71 203
67 200 71 201
64 200 66 203
64 199 71 199
66 197 71 198
70 192 71 196
68 192 69 196
66 192 67 196
64 193 65 198
71 184 71 191
69 187 70 191
67 187 68 191
67 184 70 186
64 188 66 191
64 184 66 187
64 183 71 183
70 179 71 182
67 179 69 182
64 179 66 182
68 176 71 178
64 176 67 178
68 173 71 175
64 173 67 175
68 170 71 172
64 170 67 172
68 168 71 169
64 168 67 169
66 166 71 167
69 162 71 165
66 162 68 165
64 162 65 167
64 161 71 161
64 160 71 160
64 159 71 159
64 158 71 158
68 155 71 157
64 155 67 157
68 152 71 154
64 152 67 154
64 151 71 151
68 148 71 150
64 148 67 150
68 145 71 147
64 145 67 147
64 144 71 144
68 141 71 143
64 141 67 143
64 140 71 140
64 139 71 139
68 136 71 138
64 136 67 138
69 133 71 135
66 133 68 135
66 131 71 132
64 131 65 135
68 128 71 130
64 128 67 130
69 124 71 127
64 126 68 127
64 124 68 125
64 123 71 123
68 120 71 122
64 120 67 122
66 118 71 119
66 116 71 117
66 114 71 115
64 114 65 119
65 112 70 113
68 109 71 111
64 109 67 111
70 104 71 108
68 104 69 108
64 106 67 108
64 104 67 105
66 102 71 103
66 100 71 101
66 98 71 99
66 96 71 97
65 96 65 103
64 96 64 103
64 95 71 95
64 94 71 94
68 91 71 93
64 91 67 93
68 88 71 90
64 88 67 90
68 85 71 87
64 85 67 87
70 81 71 84
64 83 69 84
64 81 69 82
64 80 71 80
64 79 71 79
69 75 71 78
64 77 68 78
64 75 68 76
68 72 71 74
64 72 67 74
64 71 71 71
64 70 71 70
68 67 71 69
64 67 67 69
68 64 71 66
64 64 67 66
68 61 71 63
64 61 67 63
68 58 71 60
64 58 67 60
64 57 71 57
64 56 71 56
68 54 71 55
64 54 67 55
68 51 71 53
64 51 67 53
68 49 71 50
64 49 67 50
64 48 71 48
66 46 71 47
68 43 71 45
68 40 71 42
66 40 67 45
65 40 65 47
64 40 64 47
69 36 71 39
64 38 68 39
64 36 68 37
64 35 71 35
68 32 71 34
64 32 67 34
70 28 71 31
64 30 69 31
64 28 69 29
68 26 71 27
64 26 67 27
65 24 70 25
66 22 71 23
68 19 71 21
65 19 67 21
69 16 71 18
65 16 68 18
64 16 64 23
69 12 71 15
69 8 71 11
68 8 68 15
66 10 67 15
64 10 65 15
64 8 67 9
69 4 71 7
69 0 71 3
66 3 68 6
66 0 68 2
64 0 65 5
60 248 63 249
56 248 59 249
56 247 63 247
60 244 63 246
56 244 59 246
58 242 63 243
58 240 63 241
56 240 57 243
56 239 63 239
56 238 63 238
58 236 63 237
58 234 63 235
58 232 63 233
56 232 57 237
61 228 63 231
59 228 60 231
56 228 58 231
59 226 63 227
59 224 63 225
56 224 58 227
56 223 63 223
56 222 63 222
61 218 63 221
58 218 60 221
58 216 63 217
56 216 57 221
56 215 63 215
61 211 63 214
58 211 60 214
58 209 63 210
56 209 57 214
56 208 63 208
60 205 63 207
56 205 59 207
56 204 63 204
56 203 63 203
60 200 63 202
56 200 59 202
58 198 63 199
61 195 63 197
58 195 60 197
56 195 57 199
60 192 63 194
56 192 59 194
60 189 63 191
56 189 59 191
60 186 63 188
56 186 59 188
60 184 63 185
56 184 59 185
60 181 63 183
56 181 59 183
60 178 63 180
56 178 59 180
56 177 63 177
56 176 63 176
62 171 63 175
60 171 61 175
58 171 59 175
56 171 57 175
60 168 63 170
56 168 59 170
62 163 63 167
57 165 60 167
57 163 61 164
61 160 63 162
57 160 60 162
56 160 56 167
61 157 63 159
61 153 63 156
56 158 60 159
58 154 60 157
56 154 57 157
56 152 60 153
62 147 63 151
59 149 61 151
56 149 58 151
56 147 61 148
60 144 63 146
56 144 59 146
60 141 63 143
56 141 59 143
60 138 63 140
56 138 59 140
56 137 63 137
56 136 63 136
56 135 63 135
56 134 63 134
60 131 63 133
56 131 59 133
60 128 63 130
56 128 59 130
60 125 63 127
56 125 59 127
61 121 63 124
56 123 60 124
56 121 60 122
56 120 63 120
62 114 63 119
58 117 61 119
56 116 57 119
56 114 61 115
58 112 63 113
56 111 63 111
62 106 63 110
60 106 61 110
58 106 59 110
56 106 57 110
56 105 63 105
56 104 63 104
62 99 63 103
56 102 61 103
59 99 61 101
56 99 58 101
60 96 63 98
56 96 59 98
58 94 63 95
58 92 63 93
56 92 57 95
56 91 63 91
60 89 63 90
56 89 59 90
56 88 63 88
61 84 63 87
61 80 63 83
56 86 60 87
58 82 60 85
56 80 57 85
61 77 63 79
58 77 60 79
58 75 63 76
56 75 57 79
56 74 63 74
56 73 63 73
56 72 63 72
60 69 63 71
56 69 59 71
56 68 63 68
56 67 63 67
60 64 63 66
56 64 59 66
59 62 63 63
59 60 63 61
56 60 58 63
60 57 63 59
56 57 59 59
56 56 63 56
63 48 63 55
61 50 62 55
59 50 60 55
56 53 58 55
56 50 58 52
57 48 62 49
61 44 63 47
58 44 60 47
61 40 63 43
58 40 60 43
56 42 57 47
60 37 63 39
56 37 59 39
56 36 63 36
59 34 63 35
59 32 63 33
56 32 58 35
63 24 63 31
61 26 62 31
59 26 60 31
59 24 62 25
56 28 58 31
56 24 58 27
56 23 63 23
60 20 63 22
56 20 59 22
56 19 63 19
60 17 63 18
56 17 59 18
56 16 63 16
62 11 63 15
60 11 61 15
56 13 59 15
56 11 59 12
56 10 63 10
56 9 63 9
56 8 63 8
59 6 63 7
59 4 63 5
56 4 58 7
59 2 63 3
59 0 63 1
56 0 58 3
48 248 55 248
53 244 55 247
51 244 52 247
48 244 50 247
50 242 55 243
50 240 55 241
48 240 49 243
53 234 55 237
50 234 52 237
48 234 49 239
50 232 55 233
52 229 55 231
48 229 51 231
52 226 55 228
48 226 51 228
48 225 55 225
48 224 55 224
54 219 55 223
48 222 53 223
51 219 53 221
48 219 50 221
52 216 55 218
48 216 51 218
48 215 55 215
53 212 55 214
50 212 52 214
50 210 55 211
50 208 55 209
48 209 49 214
53 204 55 207
48 206 52 207
48 204 52 205
48 203 55 203
52 201 55 202
48 201 51 202
48 200 55 200
48 199 55 199
53 195 55 198
50 195 52 198
48 195 49 198
52 192 55 194
48 192 51 194
54 186 55 191
48 190 53 191
50 187 53 189
50 185 53 186
48 185 49 189
48 184 55 184
48 183 55 183
48 182 55 182
50 180 55 181
50 178 55 179
50 176 55 177
48 176 49 181
50 174 55 175
50 172 55 173
48 172 49 175
48 171 55 171
52 168 55 170
48 168 51 170
48 167 55 167
54 163 55 166
48 165 53 166
48 163 53 164
52 160 55 162
48 160 51 162
55 152 55 159
52 156 54 159
52 152 54 155
49 156 51 159
49 152 51 155
48 152 48 159
48 151 55 151
53 147 55 150
50 147 52 150
48 147 49 150
52 144 55 146
48 144 51 146
51 142 55 143
51 140 55 141
48 140 50 143
52 137 55 139
48 137 51 139
48 136 55 136
51 134 55 135
53 131 55 133
53 128 55 130
51 128 52 133
48 132 50 135
48 128 50 131
54 123 55 127
52 123 53 127
50 123 51 127
48 123 49 127
52 120 55 122
48 120 51 122
52 117 55 119
48 117 51 119
48 116 55 116
53 112 55 115
48 114 52 115
48 112 52 113
51 110 55 111
51 108 55 109
48 108 50 111
53 104 55 107
51 104 52 107
48 104 50 107
53 101 55 103
53 98 55 100
51 98 52 103
51 96 55 97
48 100 50 103
48 96 50 99
51 94 55 95
51 92 55 93
48 92 50 95
52 89 55 91
48 89 51 91
48 88 55 88
51 86 55 87
51 84 55 85
48 84 50 87
53 80 55 83
48 82 52 83
48 80 52 81
48 79 55 79
48 78 55 78
52 75 55 77
48 75 51 77
48 74 55 74
48 73 55 73
48 72 55 72
54 66 55 71
52 66 53 71
48 69 51 71
48 66 51 68
52 64 55 65
48 64 51 65
52 61 55 63
48 61 51 63
48 60 55 60
50 58 55 59
50 56 55 57
48 56 49 59
50 54 55 55
52 51 55 53
48 51 51 53
52 48 55 50
48 48 51 50
48 47 55 47
52 44 55 46
48 44 51 46
51 42 55 43
51 40 55 41
48 40 50 43
48 39 55 39
48 38 55 38
52 35 55 37
48 35 51 37
52 32 55 34
48 32 51 34
54 26 55 31
48 30 53 31
48 28 53 29
48 26 53 27
52 24 55 25
48 24 51 25
52 21 55 23
52 19 55 20
52 16 55 18
50 18 51 23
48 18 49 23
48 16 51 17
48 15 55 15
52 12 55 14
48 12 51 14
51 10 55 11
51 8 55 9
48 8 50 11
52 5 55 7
52 3 55 4
48 6 51 7
48 3 51 5
52 0 55 2
48 0 51 2
43 246 47 247
43 244 47 245
40 244 42 247
42 242 47 243
42 240 47 241
40 240 41 243
42 237 47 238
42 235 47 236
40 235 41 239
44 232 47 234
40 232 43 234
43 230 47 231
43 228 47 229
40 228 42 231
40 227 47 227
44 224 47 226
40 224 43 226
44 222 47 223
44 219 47 221
44 216 47 218
41 221 43 223
41 217 43 220
40 216 40 223
43 214 47 215
43 212 47 213
40 212 42 215
40 211 47 211
44 208 47 210
40 208 43 210
45 205 47 207
41 205 44 207
45 202 47 204
41 202 44 204
42 200 47 201
40 200 40 207
44 197 47 199
40 197 43 199
43 195 47 196
43 193 47 194
40 193 42 196
40 192 47 192
43 190 47 191
43 188 47 189
40 188 42 191
44 185 47 187
40 185 43 187
40 184 47 184
45 180 47 183
43 178 44 183
43 176 47 177
40 179 42 182
40 176 42 178
42 174 47 175
42 172 47 173
40 172 41 175
44 169 47 171
40 169 43 171
40 168 47 168
40 167 47 167
44 165 47 166
40 165 43 166
43 163 47 164
43 161 47 162
40 161 42 164
40 160 47 160
45 157 47 159
45 153 47 156
44 152 44 159
40 157 43 159
40 154 43 156
40 152 43 153
44 149 47 151
40 149 43 151
40 148 47 148
43 146 47 147
43 144 47 145
40 144 42 147
43 142 47 143
43 140 47 141
40 140 42 143
40 139 47 139
44 136 47 138
40 136 43 138
40 135 47 135
44 132 47 134
40 132 43 134
40 131 47 131
44 129 47 130
40 129 43 130
40 128 47 128
47 120 47 127
45 123 46 127
41 125 44 127
40 123 44 124
43 120 46 122
40 120 42 122
40 119 47 119
45 115 47 118
42 115 44 118
40 115 41 118
45 112 47 114
41 112 44 114
45 108 47 111
40 110 44 111
40 108 44 109
40 107 47 107
43 104 46 106
40 104 42 106
40 103 47 103
44 100 47 102
40 100 43 102
43 98 47 99
43 96 47 97
40 96 42 99
44 93 47 95
40 93 43 95
45 89 47 92
42 89 44 92
40 89 41 92
40 88 47 88
45 84 47 87
42 84 44 87
42 82 47 83
40 82 41 87
40 81 47 81
40 80 47 80
45 77 47 79
42 77 44 79
42 75 47 76
40 75 41 79
44 72 47 74
40 72 43 74
44 69 47 71
40 69 43 71
45 65 47 68
43 65 44 68
40 65 42 68
40 64 47 64
42 62 47 63
42 60 47 61
42 58 47 59
40 58 41 63
42 56 47 57
40 55 47 55
40 54 47 54
40 53 47 53
40 52 47 52
43 50 47 51
43 48 47 49
40 48 42 51
47 40 47 47
45 42 46 47
40 46 44 47
40 44 44 45
40 42 44 43
41 40 46 41
44 37 47 39
40 37 43 39
43 35 47 36
43 33 47 34
40 33 42 36
40 32 47 32
40 31 47 31
43 29 47 30
43 27 47 28
40 27 42 30
44 24 47 26
40 24 43 26
42 22 47 23
45 19 47 21
42 19 44 21
40 19 41 23
40 18 47 18
40 17 47 17
40 16 47 16
44 14 47 15
40 14 43 15
44 11 47 13
40 11 43 13
44 8 47 10
40 8 43 10
47 0 47 7
43 5 46 7
40 5 42 7
43 2 46 4
40 2 42 4
41 0 46 1
32 248 35 249
32 247 39 247
34 245 39 246
34 243 39 244
32 243 33 246
36 240 39 242
32 240 35 242
34 238 39 239
37 235 39 237
34 235 36 237
32 235 33 239
36 232 39 234
32 232 35 234
32 231 39 231
36 228 39 230
32 228 35 230
37 224 39 227
34 224 36 227
32 224 33 227
38 220 39 223
32 222 37 223
32 220 37 221
36 217 39 219
32 217 35 219
32 216 39 216
32 215 39 215
34 213 39 214
37 210 39 212
34 210 36 212
34 208 39 209
32 209 33 214
35 206 39 207
35 204 39 205
32 204 34 207
35 202 39 203
35 200 39 201
32 200 34 203
37 196 39 199
32 198 36 199
32 196 36 197
37 192 39 195
32 194 36 195
32 192 36 193
36 189 39 191
32 189 35 191
34 187 39 188
36 184 39 186
32 184 35 186
35 182 39 183
35 180 39 181
32 180 34 183
37 176 39 179
34 176 36 179
32 176 33 179
36 173 39 175
36 171 39 172
34 171 35 175
32 171 33 175
36 168 39 170
32 168 35 170
37 164 39 167
35 164 36 167
32 164 34 167
36 161 39 163
32 161 35 163
32 160 39 160
36 158 39 159
38 152 39 157
36 152 37 157
35 152 35 159
32 156 34 159
32 152 34 155
34 150 39 151
34 148 39 149
32 148 33 151
37 144 39 147
34 144 36 147
32 144 33 147
32 143 39 143
36 140 39 142
32 140 35 142
36 137 39 139
32 137 35 139
32 136 39 136
36 133 39 135
32 133 35 135
36 130 39 132
32 130 35 132
32 129 39 129
32 128 39 128
36 126 39 127
32 126 35 127
36 123 39 125
32 123 35 125
36 120 39 122
32 120 35 122
39 112 39 119
33 118 38 119
35 115 38 117
32 115 34 117
35 112 38 114
32 112 34 114
34 110 39 111
36 107 39 109
36 104 39 106
34 104 35 109
32 104 33 109
32 103 39 103
32 102 39 102
38 96 39 101
36 96 37 101
32 99 35 101
32 96 35 98
36 93 39 95
32 93 35 95
32 92 39 92
32 91 39 91
36 88 39 90
32 88 35 90
36 85 39 87
32 85 35 87
34 83 39 84
34 81 39 82
32 81 33 84
32 80 39 80
32 79 39 79
37 75 39 78
34 75 36 78
34 73 39 74
32 73 33 78
32 72 39 72
36 69 39 71
32 69 35 71
36 66 39 68
32 66 35 68
36 64 39 65
32 64 35 65
32 63 39 63
37 59 39 62
34 59 36 62
32 59 33 62
36 56 39 58
32 56 35 58
35 54 39 55
35 52 39 53
32 52 34 55
36 50 39 51
32 50 35 51
32 49 39 49
32 48 39 48
39 40 39 47
37 42 38 47
35 42 36 47
34 40 38 41
32 44 33 47
32 40 33 43
36 38 39 39
32 38 35 39
36 35 39 37
32 35 35 37
36 32 39 34
32 32 35 34
36 29 39 31
32 29 35 31
36 27 39 28
32 27 35 28
36 24 39 26
32 24 35 26
34 22 39 23
37 19 39 21
34 19 36 21
32 19 33 23
36 16 39 18
32 16 35 18
32 15 39 15
32 14 39 14
36 11 39 13
32 11 35 13
36 8 39 10
32 8 35 10
38 3 39 7
34 6 37 7
34 3 37 5
32 3 33 7
36 0 39 2
32 0 35 2
24 248 29 249
30 243 31 247
28 243 29 247
24 246 27 247
24 243 27 245
28 240 31 242
24 240 27 242
26 238 31 239
29 235 31 237
26 235 28 237
24 235 25 239
28 232 31 234
24 232 27 234
29 228 31 231
27 228 28 231
24 228 26 231
29 224 31 227
24 226 28 227
24 224 28 225
31 216 31 223
28 220 30 223
28 216 30 219
24 222 27 223
24 219 27 221
24 216 27 218
28 213 31 215
28 211 31 212
24 214 27 215
24 211 27 213
28 208 31 210
24 208 27 210
29 205 31 207
26 205 28 207
26 203 31 204
24 203 25 207
28 200 31 202
24 200 27 202
29 196 31 199
29 192 31 195
27 194 28 199
25 194 26 199
25 192 28 193
24 192 24 199
28 189 31 191
24 189 27 191
28 187 31 188
24 187 27 188
28 184 31 186
24 184 27 186
27 182 31 183
27 180 31 181
24 180 26 183
28 177 31 179
24 177 27 179
24 176 31 176
28 173 31 175
24 173 27 175
24 172 31 172
24 171 31 171
28 168 31 170
24 168 27 170
29 165 31 167
26 165 28 167
26 163 31 164
24 163 25 167
28 160 31 162
24 160 27 162
28 157 31 159
24 157 27 159
28 154 31 156
24 154 27 156
28 152 31 153
24 152 27 153
30 148 31 151
24 150 29 151
24 148 29 149
27 146 31 147
27 144 31 145
24 144 26 147
28 141 31 143
24 141 27 143
28 139 31 140
24 139 27 140
28 136 31 138
24 136 27 138
28 133 31 135
24 133 27 135
29 130 31 132
26 130 28 132
26 128 31 129
24 128 25 132
27 125 30 127
24 125 26 127
29 121 31 124
26 121 28 124
24 121 25 124
24 120 31 120
24 119 31 119
29 115 31 118
26 115 28 118
26 113 31 114
24 113 25 118
24 112 31 112
29 108 31 111
24 110 28 111
24 108 28 109
28 105 31 107
24 105 27 107
24 104 31 104
26 102 31 103
29 99 31 101
26 99 28 101
24 99 25 103
28 96 31 98
24 96 27 98
29 92 31 95
24 94 28 95
24 92 28 93
28 89 31 91
24 89 27 91
24 88 31 88
24 87 31 87
30 81 31 86
27 83 29 86
24 83 26 86
24 81 29 82
24 80 31 80
28 77 31 79
24 77 27 79
28 74 31 76
24 74 27 76
28 72 31 73
24 72 27 73
30 67 31 71
28 67 29 71
24 70 27 71
24 67 27 69
28 64 31 66
24 64 27 66
29 60 31 63
27 60 28 63
24 60 26 63
24 59 31 59
28 56 31 58
24 56 27 58
28 53 31 55
24 53 27 55
24 52 31 52
28 49 31 51
24 49 27 51
24 48 31 48
30 43 31 47
26 45 29 47
26 43 29 44
24 43 25 47
28 40 31 42
24 40 27 42
28 37 31 39
28 34 31 36
26 34 27 39
24 34 25 39
26 32 31 33
28 29 31 31
24 29 27 31
26 27 31 28
29 24 31 26
26 24 28 26
24 24 25 28
26 22 31 23
26 20 31 21
24 19 25 23
28 16 31 18
24 16 27 18
30 11 31 15
24 14 29 15
27 11 29 13
24 11 26 13
28 8 31 10
24 8 27 10
31 0 31 7
30 0 30 7
24 6 29 7
27 2 29 5
24 2 26 5
24 0 29 1
16 249 23 249
16 248 23 248
20 245 23 247
16 245 19 247
22 240 23 244
20 240 21 244
16 243 19 244
16 240 19 242
16 239 23 239
20 236 23 238
16 236 19 238
21 232 23 235
16 234 20 235
16 232 20 233
21 228 23 231
21 224 23 227
17 229 20 231
16 227 20 228
17 224 20 226
21 220 23 223
16 222 20 223
16 220 20 221
21 216 23 219
19 216 20 219
16 216 18 219
22 212 23 215
22 208 23 211
16 214 21 215
18 211 21 213
18 208 21 210
16 208 17 213
16 207 23 207
18 205 23 206
18 203 23 204
16 203 17 206
20 200 23 202
16 200 19 202
23 192 23 199
21 194 22 199
17 197 20 199
17 194 20 196
17 192 22 193
16 192 16 199
16 191 23 191
20 188 23 190
16 188 19 190
16 187 23 187
20 184 23 186
16 184 19 186
20 181 23 183
16 181 19 183
21 177 23 180
16 179 20 180
17 176 20 178
21 172 23 175
19 172 20 175
16 172 18 175
18 170 23 171
18 168 23 169
16 168 17 171
21 165 23 167
18 165 20 167
18 163 23 164
16 163 17 167
20 160 23 162
16 160 19 162
19 158 23 159
19 156 23 157
16 156 18 159
21 152 23 155
16 154 20 155
16 152 20 153
20 149 23 151
16 149 19 151
16 148 23 148
20 145 23 147
16 145 19 147
16 144 23 144
20 141 23 143
16 141 19 143
20 139 23 140
16 139 19 140
20 136 23 138
16 136 19 138
20 133 23 135
16 133 19 135
20 131 23 132
16 131 19 132
20 128 23 130
16 128 19 130
18 126 23 127
18 124 23 125
16 124 17 127
16 123 23 123
20 120 23 122
16 120 19 122
17 118 22 119
20 115 23 117
16 115 19 117
20 112 23 114
16 112 19 114
18 110 23 111
21 107 23 109
18 107 20 109
16 107 17 111
20 104 23 106
16 104 19 106
20 101 23 103
16 101 19 103
18 99 23 100
20 96 23 98
16 96 19 98
20 93 23 95
16 93 19 95
16 92 23 92
20 90 23 91
16 90 19 91
16 89 23 89
16 88 23 88
20 85 23 87
16 85 19 87
18 83 23 84
20 80 23 82
16 80 19 82
20 77 23 79
16 77 19 79
20 74 23 76
16 74 19 76
17 72 22 73
22 67 23 71
20 67 21 71
18 67 19 71
16 67 17 71
20 64 23 66
16 64 19 66
16 63 23 63
16 62 23 62
20 59 23 61
16 59 19 61
20 56 23 58
16 56 19 58
21 52 23 55
16 54 20 55
16 52 20 53
20 49 23 51
16 49 19 51
16 48 23 48
16 47 23 47
20 44 23 46
20 42 23 43
18 42 19 46
16 42 17 46
16 41 23 41
16 40 23 40
16 39 23 39
22 35 23 38
16 37 21 38
16 35 21 36
20 32 23 34
16 32 19 34
21 28 23 31
19 28 20 31
16 28 18 31
20 25 23 27
16 25 19 27
16 24 23 24
16 23 23 23
20 20 23 22
16 20 19 22
19 18 23 19
19 16 23 17
16 16 18 19
20 13 23 15
16 13 19 15
18 11 23 12
21 8 23 10
18 8 20 10
16 8 17 12
20 5 23 7
16 5 19 7
21 2 23 4
18 2 20 4
18 0 23 1
16 0 17 4
8 249 15 249
8 248 15 248
13 244 15 247
13 240 15 243
8 246 12 247
10 242 12 245
8 242 9 245
8 240 12 241
10 238 15 239
10 236 15 237
10 234 15 235
8 234 9 239
8 233 15 233
8 232 15 232
14 226 15 231
8 230 13 231
8 228 13 229
8 226 13 227
10 224 15 225
14 220 15 223
11 220 13 223
8 220 10 223
8 219 15 219
12 216 15 218
8 216 11 218
11 214 15 215
14 210 15 213
11 210 13 213
11 208 15 209
8 212 10 215
8 208 10 211
10 206 15 207
10 204 15 205
10 202 15 203
8 202 9 207
12 200 15 201
8 200 11 201
12 198 15 199
8 198 11 199
13 194 15 197
10 194 12 197
10 192 15 193
8 192 9 197
14 187 15 191
12 187 13 191
10 187 11 191
8 187 9 191
12 184 15 186
8 184 11 186
14 179 15 183
12 179 13 183
10 179 11 183
8 179 9 183
12 176 15 178
8 176 11 178
12 174 15 175
8 174 11 175
12 171 15 173
8 171 11 173
12 168 15 170
8 168 11 170
15 160 15 167
13 162 14 167
11 162 12 167
8 165 10 167
8 162 10 164
8 160 13 161
14 155 15 159
12 155 13 159
8 157 11 159
8 155 11 156
12 152 15 154
8 152 11 154
13 148 15 151
11 148 12 151
8 148 10 151
14 144 15 147
8 146 13 147
8 144 13 145
8 143 15 143
12 140 15 142
8 140 11 142
8 139 15 139
12 136 15 138
8 136 11 138
12 134 15 135
8 134 11 135
12 131 15 133
8 131 11 133
12 128 15 130
8 128 11 130
8 127 15 127
8 126 15 126
12 123 15 125
8 123 11 125
12 120 15 122
8 120 11 122
12 117 15 119
8 117 11 119
12 115 15 116
8 115 11 116
12 112 15 114
8 112 11 114
15 104 15 111
11 109 14 111
11 107 14 108
11 104 14 106
8 107 10 110
8 104 10 106
15 96 15 103
13 98 14 103
9 101 12 103
9 98 12 100
9 96 14 97
8 96 8 103
12 93 15 95
8 93 11 95
8 92 15 92
8 91 15 91
12 88 15 90
8 88 11 90
14 83 15 87
11 85 13 87
8 85 10 87
8 83 13 84
12 80 15 82
8 80 11 82
14 74 15 79
12 74 13 79
12 72 15 73
11 72 11 79
8 76 10 79
8 72 10 75
14 66 15 71
12 66 13 71
10 66 11 71
10 64 15 65
8 68 9 71
8 64 9 67
8 63 15 63
12 60 15 62
8 60 11 62
12 57 15 59
8 57 11 59
8 56 15 56
8 55 15 55
12 52 15 54
8 52 11 54
12 49 15 51
8 49 11 51
8 48 15 48
12 45 15 47
8 45 11 47
8 44 15 44
8 43 15 43
12 40 15 42
8 40 11 42
12 38 15 39
8 38 11 39
12 35 15 37
8 35 11 37
12 32 15 34
8 32 11 34
12 29 15 31
8 29 11 31
12 27 15 28
8 27 11 28
12 24 15 26
8 24 11 26
12 22 15 23
12 19 15 21
10 19 11 23
8 19 9 23
12 16 15 18
8 16 11 18
12 14 15 15
8 14 11 15
12 11 15 13
8 11 11 13
12 8 15 10
8 8 11 10
10 6 15 7
14 0 15 5
12 0 13 5
8 3 11 5
8 0 11 2
2 248 7 249
4 245 7 247
0 245 3 247
0 244 7 244
0 243 7 243
4 240 7 242
0 240 3 242
7 232 7 239
5 234 6 239
3 234 4 239
3 232 6 233
0 236 2 239
0 232 2 235
3 230 7 231
5 226 7 229
3 226 4 229
1 226 2 231
2 224 7 225
0 224 0 231
3 222 7 223
3 220 7 221
0 220 2 223
2 218 7 219
2 216 7 217
0 216 1 219
0 215 7 215
0 214 7 214
4 211 7 213
0 211 3 213
4 208 7 210
0 208 3 210
0 207 7 207
0 206 7 206
5 202 7 205
2 202 4 205
2 200 7 201
0 200 1 205
2 198 7 199
0 197 7 197
6 192 7 196
0 194 5 195
0 192 5 193
0 191 7 191
4 188 7 190
0 188 3 190
4 185 7 187
0 185 3 187
0 184 7 184
0 183 7 183
2 181 7 182
2 179 7 180
0 179 1 182
4 176 7 178
0 176 3 178
6 171 7 175
2 174 5 175
2 171 5 173
0 171 1 175
0 170 7 170
4 168 7 169
0 168 3 169
4 165 7 167
0 165 3 167
4 162 7 164
0 162 3 164
0 161 7 161
0 160 7 160
0 159 7 159
3 157 7 158
3 155 7 156
0 155 2 158
4 152 7 154
0 152 3 154
7 144 7 151
3 149 6 151
3 146 6 148
1 146 2 151
1 144 6 145
0 144 0 151
2 142 7 143
2 140 7 141
2 138 7 139
0 138 1 143
2 136 7 137
4 133 7 135
0 133 3 135
0 132 7 132
5 128 7 131
2 128 4 131
0 128 1 131
0 127 7 127
4 124 7 126
0 124 3 126
0 123 7 123
4 120 7 122
0 120 3 122
4 118 7 119
0 118 3 119
4 115 7 117
0 115 3 117
4 112 7 114
0 112 3 114
4 109 7 111
5 105 7 108
0 110 3 111
2 104 3 109
0 104 1 109
6 100 7 103
3 100 5 103
0 100 2 103
0 99 7 99
4 96 7 98
0 96 3 98
5 92 7 95
0 94 4 95
0 92 4 93
0 91 7 91
5 88 7 90
1 88 4 90
4 85 7 87
0 85 3 87
2 83 7 84
2 81 7 82
0 81 1 84
0 80 7 80
5 76 7 79
2 76 4 79
0 76 1 79
3 74 7 75
3 72 7 73
0 72 2 75
0 70 5 71
4 67 7 69
0 67 3 69
4 64 7 66
0 64 3 66
4 61 7 63
0 61 3 63
0 60 7 60
0 59 7 59
4 56 7 58
0 56 3 58
2 54 7 55
5 50 7 53
2 50 4 53
0 50 1 55
2 48 7 49
0 47 7 47
0 46 7 46
4 43 7 45
0 43 3 45
4 40 7 42
0 40 3 42
5 36 7 39
0 38 4 39
0 36 4 37
3 34 7 35
3 32 7 33
0 32 2 35
0 31 7 31
0 30 7 30
0 29 7 29
4 26 7 28
0 26 3 28
0 25 7 25
0 24 7 24
4 21 7 23
0 21 3 23
0 20 7 20
0 19 7 19
4 16 7 18
0 16 3 18
2 14 7 15
2 12 7 13
0 12 1 15
5 8 7 11
2 8 4 11
0 8 1 11
4 5 7 7
0 5 3 7
5 1 7 4
0 3 4 4
0 1 4 2
0 0 7 0
